<?xml version="1.0" encoding="UTF-8"?>
<!-- Generated by org.testng.reporters.JUnitXMLReporter -->
<testsuite ignored="0" hostname="LIN77001089" failures="0" tests="6" name="Test2" time="0.042" errors="0" timestamp="2022-01-12T10:59:11 IST">
  <testcase classname="unitTestCalculator.CalculatorTest" name="addTest" time="0.004"/>
  <testcase classname="unitTestCalculator.CalculatorTest" name="addTest" time="0.006"/>
  <testcase classname="unitTestCalculator.CalculatorTest" name="divideTest" time="0.003"/>
  <testcase classname="unitTestCalculator.CalculatorTest" name="productTest" time="0.002"/>
  <testcase classname="unitTestCalculator.CalculatorTest" name="subTest" time="0.002"/>
  <testcase classname="unitTestCalculator.CalculatorTest" name="subTest" time="0.003"/>
</testsuite> <!-- Test2 -->
