<?xml version="1.0" encoding="UTF-8"?>
<!-- Generated by org.testng.reporters.JUnitXMLReporter -->
<testsuite ignored="0" hostname="LIN77001089" failures="0" tests="6" name="Test1" time="0.127" errors="0" timestamp="2022-01-12T10:59:11 IST">
  <testcase classname="unitTestCalculator.CalculatorTest" name="addTest" time="0.011"/>
  <testcase classname="unitTestCalculator.CalculatorTest" name="addTest" time="0.001"/>
  <testcase classname="unitTestCalculator.CalculatorTest" name="divideTest" time="0.003"/>
  <testcase classname="unitTestCalculator.CalculatorTest" name="productTest" time="0.003"/>
  <testcase classname="unitTestCalculator.CalculatorTest" name="subTest" time="0.003"/>
  <testcase classname="unitTestCalculator.CalculatorTest" name="subTest" time="0.002"/>
</testsuite> <!-- Test1 -->
