<?xml version="1.0" encoding="UTF-8"?>
<testng-results ignored="0" total="12" passed="12" failed="0" skipped="0">
  <reporter-output>
  </reporter-output>
  <suite started-at="2022-01-12T10:59:10 IST" name="Suite" finished-at="2022-01-12T10:59:11 IST" duration-ms="302">
    <groups>
    </groups>
    <test started-at="2022-01-12T10:59:10 IST" name="Test1" finished-at="2022-01-12T10:59:11 IST" duration-ms="127">
      <class name="unitTestCalculator.CalculatorTest">
        <test-method is-config="true" signature="setup()[pri:0, instance:unitTestCalculator.CalculatorTest@60dcc9fe]" started-at="2022-01-12T10:59:10 IST" name="setup" finished-at="2022-01-12T10:59:10 IST" duration-ms="16" status="PASS">
          <reporter-output>
          </reporter-output>
        </test-method> <!-- setup -->
        <test-method signature="addTest(int, int)[pri:0, instance:unitTestCalculator.CalculatorTest@60dcc9fe]" started-at="2022-01-12T10:59:11 IST" name="addTest" data-provider="dpAdd" finished-at="2022-01-12T10:59:11 IST" duration-ms="11" status="PASS">
          <params>
            <param index="0">
              <value>
                <![CDATA[12]]>
              </value>
            </param>
            <param index="1">
              <value>
                <![CDATA[20]]>
              </value>
            </param>
          </params>
          <reporter-output>
          </reporter-output>
        </test-method> <!-- addTest -->
        <test-method signature="addTest(int, int)[pri:0, instance:unitTestCalculator.CalculatorTest@60dcc9fe]" started-at="2022-01-12T10:59:11 IST" name="addTest" data-provider="dpAdd" finished-at="2022-01-12T10:59:11 IST" duration-ms="1" status="PASS">
          <params>
            <param index="0">
              <value>
                <![CDATA[29]]>
              </value>
            </param>
            <param index="1">
              <value>
                <![CDATA[10]]>
              </value>
            </param>
          </params>
          <reporter-output>
          </reporter-output>
        </test-method> <!-- addTest -->
        <test-method signature="divideTest(int, int)[pri:0, instance:unitTestCalculator.CalculatorTest@60dcc9fe]" started-at="2022-01-12T10:59:11 IST" name="divideTest" finished-at="2022-01-12T10:59:11 IST" duration-ms="3" status="PASS">
          <params>
            <param index="0">
              <value>
                <![CDATA[10]]>
              </value>
            </param>
            <param index="1">
              <value>
                <![CDATA[2]]>
              </value>
            </param>
          </params>
          <reporter-output>
          </reporter-output>
        </test-method> <!-- divideTest -->
        <test-method signature="productTest()[pri:0, instance:unitTestCalculator.CalculatorTest@60dcc9fe]" started-at="2022-01-12T10:59:11 IST" name="productTest" finished-at="2022-01-12T10:59:11 IST" duration-ms="3" status="PASS">
          <reporter-output>
          </reporter-output>
        </test-method> <!-- productTest -->
        <test-method signature="subTest(int, int)[pri:0, instance:unitTestCalculator.CalculatorTest@60dcc9fe]" started-at="2022-01-12T10:59:11 IST" name="subTest" data-provider="dpSub" finished-at="2022-01-12T10:59:11 IST" duration-ms="3" status="PASS">
          <params>
            <param index="0">
              <value>
                <![CDATA[20]]>
              </value>
            </param>
            <param index="1">
              <value>
                <![CDATA[12]]>
              </value>
            </param>
          </params>
          <reporter-output>
          </reporter-output>
        </test-method> <!-- subTest -->
        <test-method signature="subTest(int, int)[pri:0, instance:unitTestCalculator.CalculatorTest@60dcc9fe]" started-at="2022-01-12T10:59:11 IST" name="subTest" data-provider="dpSub" finished-at="2022-01-12T10:59:11 IST" duration-ms="2" status="PASS">
          <params>
            <param index="0">
              <value>
                <![CDATA[20]]>
              </value>
            </param>
            <param index="1">
              <value>
                <![CDATA[1]]>
              </value>
            </param>
          </params>
          <reporter-output>
          </reporter-output>
        </test-method> <!-- subTest -->
      </class> <!-- unitTestCalculator.CalculatorTest -->
    </test> <!-- Test1 -->
    <test started-at="2022-01-12T10:59:11 IST" name="Test2" finished-at="2022-01-12T10:59:11 IST" duration-ms="42">
      <class name="unitTestCalculator.CalculatorTest">
        <test-method is-config="true" signature="setup()[pri:0, instance:unitTestCalculator.CalculatorTest@56de5251]" started-at="2022-01-12T10:59:11 IST" name="setup" finished-at="2022-01-12T10:59:11 IST" duration-ms="1" status="PASS">
          <reporter-output>
          </reporter-output>
        </test-method> <!-- setup -->
        <test-method signature="addTest(int, int)[pri:0, instance:unitTestCalculator.CalculatorTest@56de5251]" started-at="2022-01-12T10:59:11 IST" name="addTest" data-provider="dpAdd" finished-at="2022-01-12T10:59:11 IST" duration-ms="4" status="PASS">
          <params>
            <param index="0">
              <value>
                <![CDATA[12]]>
              </value>
            </param>
            <param index="1">
              <value>
                <![CDATA[20]]>
              </value>
            </param>
          </params>
          <reporter-output>
          </reporter-output>
        </test-method> <!-- addTest -->
        <test-method signature="addTest(int, int)[pri:0, instance:unitTestCalculator.CalculatorTest@56de5251]" started-at="2022-01-12T10:59:11 IST" name="addTest" data-provider="dpAdd" finished-at="2022-01-12T10:59:11 IST" duration-ms="6" status="PASS">
          <params>
            <param index="0">
              <value>
                <![CDATA[29]]>
              </value>
            </param>
            <param index="1">
              <value>
                <![CDATA[10]]>
              </value>
            </param>
          </params>
          <reporter-output>
          </reporter-output>
        </test-method> <!-- addTest -->
        <test-method signature="divideTest(int, int)[pri:0, instance:unitTestCalculator.CalculatorTest@56de5251]" started-at="2022-01-12T10:59:11 IST" name="divideTest" finished-at="2022-01-12T10:59:11 IST" duration-ms="3" status="PASS">
          <params>
            <param index="0">
              <value>
                <![CDATA[10]]>
              </value>
            </param>
            <param index="1">
              <value>
                <![CDATA[2]]>
              </value>
            </param>
          </params>
          <reporter-output>
          </reporter-output>
        </test-method> <!-- divideTest -->
        <test-method signature="productTest()[pri:0, instance:unitTestCalculator.CalculatorTest@56de5251]" started-at="2022-01-12T10:59:11 IST" name="productTest" finished-at="2022-01-12T10:59:11 IST" duration-ms="2" status="PASS">
          <reporter-output>
          </reporter-output>
        </test-method> <!-- productTest -->
        <test-method signature="subTest(int, int)[pri:0, instance:unitTestCalculator.CalculatorTest@56de5251]" started-at="2022-01-12T10:59:11 IST" name="subTest" data-provider="dpSub" finished-at="2022-01-12T10:59:11 IST" duration-ms="2" status="PASS">
          <params>
            <param index="0">
              <value>
                <![CDATA[20]]>
              </value>
            </param>
            <param index="1">
              <value>
                <![CDATA[12]]>
              </value>
            </param>
          </params>
          <reporter-output>
          </reporter-output>
        </test-method> <!-- subTest -->
        <test-method signature="subTest(int, int)[pri:0, instance:unitTestCalculator.CalculatorTest@56de5251]" started-at="2022-01-12T10:59:11 IST" name="subTest" data-provider="dpSub" finished-at="2022-01-12T10:59:11 IST" duration-ms="3" status="PASS">
          <params>
            <param index="0">
              <value>
                <![CDATA[20]]>
              </value>
            </param>
            <param index="1">
              <value>
                <![CDATA[1]]>
              </value>
            </param>
          </params>
          <reporter-output>
          </reporter-output>
        </test-method> <!-- subTest -->
      </class> <!-- unitTestCalculator.CalculatorTest -->
    </test> <!-- Test2 -->
  </suite> <!-- Suite -->
</testng-results>
